<?xml version="1.0" encoding="UTF-8"?>
<!-- Generated by org.testng.reporters.JUnitReportReporter -->
<testsuite hostname="LAPTOP-BKU657FU" failures="0" tests="12" name="api.test.UserTestsDataDriven" time="32.085" errors="0" timestamp="2024-09-28T23:51:56 IST" skipped="0">
  <testcase classname="api.test.UserTestsDataDriven" name="postUser" time="2.611"/>
  <system-out/>
  <testcase classname="api.test.UserTestsDataDriven" name="postUser" time="2.149"/>
  <system-out/>
  <testcase classname="api.test.UserTestsDataDriven" name="postUser" time="3.409"/>
  <system-out/>
  <testcase classname="api.test.UserTestsDataDriven" name="getUser" time="1.893"/>
  <system-out/>
  <testcase classname="api.test.UserTestsDataDriven" name="getUser" time="2.514"/>
  <system-out/>
  <testcase classname="api.test.UserTestsDataDriven" name="getUser" time="1.400"/>
  <system-out/>
  <testcase classname="api.test.UserTestsDataDriven" name="updateUser" time="4.302"/>
  <system-out/>
  <testcase classname="api.test.UserTestsDataDriven" name="updateUser" time="5.295"/>
  <system-out/>
  <testcase classname="api.test.UserTestsDataDriven" name="updateUser" time="3.326"/>
  <system-out/>
  <testcase classname="api.test.UserTestsDataDriven" name="deleteUser" time="2.109"/>
  <system-out/>
  <testcase classname="api.test.UserTestsDataDriven" name="deleteUser" time="1.703"/>
  <system-out/>
  <testcase classname="api.test.UserTestsDataDriven" name="deleteUser" time="1.374"/>
  <system-out/>
</testsuite> <!-- api.test.UserTestsDataDriven -->
